# JRE version: Java(TM) SE Runtime Environment (8.0_291-b10) (build 1.8.0_291-b10)
# Java VM: Java HotSpot(TM) 64-Bit Server VM (25.291-b10 mixed mode windows-amd64 compressed oops)
Heap:
 PSYoungGen      total 156160K, used 77383K [0x00000000f5580000, 0x00000000ffa80000, 0x0000000100000000)
  eden space 144384K, 47% used [0x00000000f5580000,0x00000000f9866248,0x00000000fe280000)
  from space 11776K, 75% used [0x00000000fef00000,0x00000000ff7abc98,0x00000000ffa80000)
  to   space 12288K, 0% used [0x00000000fe280000,0x00000000fe280000,0x00000000fee80000)
 ParOldGen       total 175104K, used 17538K [0x00000000e0000000, 0x00000000eab00000, 0x00000000f5580000)
  object space 175104K, 10% used [0x00000000e0000000,0x00000000e11208d8,0x00000000eab00000)
 Metaspace       used 49845K, capacity 51916K, committed 52096K, reserved 1095680K
  class space    used 6758K, capacity 7234K, committed 7296K, reserved 1048576K
GC Heap History (10 events):
Event: 6.877 GC heap before
{Heap before GC invocations=6 (full 1):
 PSYoungGen      total 76288K, used 65536K [0x00000000f5580000, 0x00000000fea80000, 0x0000000100000000)
  eden space 65536K, 100% used [0x00000000f5580000,0x00000000f9580000,0x00000000f9580000)
  from space 10752K, 0% used [0x00000000fa000000,0x00000000fa000000,0x00000000faa80000)
  to   space 10752K, 0% used [0x00000000f9580000,0x00000000f9580000,0x00000000fa000000)
 ParOldGen       total 175104K, used 8529K [0x00000000e0000000, 0x00000000eab00000, 0x00000000f5580000)
  object space 175104K, 4% used [0x00000000e0000000,0x00000000e0854688,0x00000000eab00000)
 Metaspace       used 29008K, capacity 29820K, committed 29952K, reserved 1075200K
  class space    used 4111K, capacity 4284K, committed 4352K, reserved 1048576K
Event: 6.884 GC heap after
Heap after GC invocations=6 (full 1):
 PSYoungGen      total 76288K, used 8360K [0x00000000f5580000, 0x00000000fd280000, 0x0000000100000000)
  eden space 65536K, 0% used [0x00000000f5580000,0x00000000f5580000,0x00000000f9580000)
  from space 10752K, 77% used [0x00000000f9580000,0x00000000f9daa090,0x00000000fa000000)
  to   space 12288K, 0% used [0x00000000fc680000,0x00000000fc680000,0x00000000fd280000)
 ParOldGen       total 175104K, used 8537K [0x00000000e0000000, 0x00000000eab00000, 0x00000000f5580000)
  object space 175104K, 4% used [0x00000000e0000000,0x00000000e0856688,0x00000000eab00000)
 Metaspace       used 29008K, capacity 29820K, committed 29952K, reserved 1075200K
  class space    used 4111K, capacity 4284K, committed 4352K, reserved 1048576K
}
Event: 10.144 GC heap before
{Heap before GC invocations=7 (full 1):
 PSYoungGen      total 76288K, used 68913K [0x00000000f5580000, 0x00000000fd280000, 0x0000000100000000)
  eden space 65536K, 92% used [0x00000000f5580000,0x00000000f90a23e8,0x00000000f9580000)
  from space 10752K, 77% used [0x00000000f9580000,0x00000000f9daa090,0x00000000fa000000)
  to   space 12288K, 0% used [0x00000000fc680000,0x00000000fc680000,0x00000000fd280000)
 ParOldGen       total 175104K, used 8537K [0x00000000e0000000, 0x00000000eab00000, 0x00000000f5580000)
  object space 175104K, 4% used [0x00000000e0000000,0x00000000e0856688,0x00000000eab00000)
 Metaspace       used 34343K, capacity 35394K, committed 35456K, reserved 1079296K
  class space    used 4683K, capacity 4945K, committed 4992K, reserved 1048576K
Event: 10.158 GC heap after
Heap after GC invocations=7 (full 1):
 PSYoungGen      total 111104K, used 10635K [0x00000000f5580000, 0x00000000fd100000, 0x0000000100000000)
  eden space 100352K, 0% used [0x00000000f5580000,0x00000000f5580000,0x00000000fb780000)
  from space 10752K, 98% used [0x00000000fc680000,0x00000000fd0e2ef8,0x00000000fd100000)
  to   space 12800K, 0% used [0x00000000fb800000,0x00000000fb800000,0x00000000fc480000)
 ParOldGen       total 175104K, used 8545K [0x00000000e0000000, 0x00000000eab00000, 0x00000000f5580000)
  object space 175104K, 4% used [0x00000000e0000000,0x00000000e0858688,0x00000000eab00000)
 Metaspace       used 34343K, capacity 35394K, committed 35456K, reserved 1079296K
  class space    used 4683K, capacity 4945K, committed 4992K, reserved 1048576K
}
Event: 10.158 GC heap before
{Heap before GC invocations=8 (full 2):
 PSYoungGen      total 111104K, used 10635K [0x00000000f5580000, 0x00000000fd100000, 0x0000000100000000)
  eden space 100352K, 0% used [0x00000000f5580000,0x00000000f5580000,0x00000000fb780000)
  from space 10752K, 98% used [0x00000000fc680000,0x00000000fd0e2ef8,0x00000000fd100000)
  to   space 12800K, 0% used [0x00000000fb800000,0x00000000fb800000,0x00000000fc480000)
 ParOldGen       total 175104K, used 8545K [0x00000000e0000000, 0x00000000eab00000, 0x00000000f5580000)
  object space 175104K, 4% used [0x00000000e0000000,0x00000000e0858688,0x00000000eab00000)
 Metaspace       used 34343K, capacity 35394K, committed 35456K, reserved 1079296K
  class space    used 4683K, capacity 4945K, committed 4992K, reserved 1048576K
Event: 10.223 GC heap after
Heap after GC invocations=8 (full 2):
 PSYoungGen      total 111104K, used 0K [0x00000000f5580000, 0x00000000fd100000, 0x0000000100000000)
  eden space 100352K, 0% used [0x00000000f5580000,0x00000000f5580000,0x00000000fb780000)
  from space 10752K, 0% used [0x00000000fc680000,0x00000000fc680000,0x00000000fd100000)
  to   space 12800K, 0% used [0x00000000fb800000,0x00000000fb800000,0x00000000fc480000)
 ParOldGen       total 175104K, used 17522K [0x00000000e0000000, 0x00000000eab00000, 0x00000000f5580000)
  object space 175104K, 10% used [0x00000000e0000000,0x00000000e111c8d8,0x00000000eab00000)
 Metaspace       used 34339K, capacity 35388K, committed 35456K, reserved 1079296K
  class space    used 4682K, capacity 4943K, committed 4992K, reserved 1048576K
}
Event: 11.524 GC heap before
{Heap before GC invocations=9 (full 2):
 PSYoungGen      total 111104K, used 100352K [0x00000000f5580000, 0x00000000fd100000, 0x0000000100000000)
  eden space 100352K, 100% used [0x00000000f5580000,0x00000000fb780000,0x00000000fb780000)
  from space 10752K, 0% used [0x00000000fc680000,0x00000000fc680000,0x00000000fd100000)
  to   space 12800K, 0% used [0x00000000fb800000,0x00000000fb800000,0x00000000fc480000)
 ParOldGen       total 175104K, used 17522K [0x00000000e0000000, 0x00000000eab00000, 0x00000000f5580000)
  object space 175104K, 10% used [0x00000000e0000000,0x00000000e111c8d8,0x00000000eab00000)
 Metaspace       used 39578K, capacity 40914K, committed 41216K, reserved 1085440K
  class space    used 5445K, capacity 5763K, committed 5888K, reserved 1048576K
Event: 11.536 GC heap after
Heap after GC invocations=9 (full 2):
 PSYoungGen      total 113664K, used 8278K [0x00000000f5580000, 0x00000000ffb00000, 0x0000000100000000)
  eden space 100864K, 0% used [0x00000000f5580000,0x00000000f5580000,0x00000000fb800000)
  from space 12800K, 64% used [0x00000000fb800000,0x00000000fc015920,0x00000000fc480000)
  to   space 12288K, 0% used [0x00000000fef00000,0x00000000fef00000,0x00000000ffb00000)
 ParOldGen       total 175104K, used 17530K [0x00000000e0000000, 0x00000000eab00000, 0x00000000f5580000)
  object space 175104K, 10% used [0x00000000e0000000,0x00000000e111e8d8,0x00000000eab00000)
 Metaspace       used 39578K, capacity 40914K, committed 41216K, reserved 1085440K
  class space    used 5445K, capacity 5763K, committed 5888K, reserved 1048576K
}
Event: 13.206 GC heap before
{Heap before GC invocations=10 (full 2):
 PSYoungGen      total 113664K, used 109142K [0x00000000f5580000, 0x00000000ffb00000, 0x0000000100000000)
  eden space 100864K, 100% used [0x00000000f5580000,0x00000000fb800000,0x00000000fb800000)
  from space 12800K, 64% used [0x00000000fb800000,0x00000000fc015920,0x00000000fc480000)
  to   space 12288K, 0% used [0x00000000fef00000,0x00000000fef00000,0x00000000ffb00000)
 ParOldGen       total 175104K, used 17530K [0x00000000e0000000, 0x00000000eab00000, 0x00000000f5580000)
  object space 175104K, 10% used [0x00000000e0000000,0x00000000e111e8d8,0x00000000eab00000)
 Metaspace       used 42841K, capacity 44708K, committed 44928K, reserved 1087488K
  class space    used 5852K, capacity 6267K, committed 6272K, reserved 1048576K
Event: 13.219 GC heap after
Heap after GC invocations=10 (full 2):
 PSYoungGen      total 156160K, used 8879K [0x00000000f5580000, 0x00000000ffa80000, 0x0000000100000000)
  eden space 144384K, 0% used [0x00000000f5580000,0x00000000f5580000,0x00000000fe280000)
  from space 11776K, 75% used [0x00000000fef00000,0x00000000ff7abc98,0x00000000ffa80000)
  to   space 12288K, 0% used [0x00000000fe280000,0x00000000fe280000,0x00000000fee80000)
 ParOldGen       total 175104K, used 17538K [0x00000000e0000000, 0x00000000eab00000, 0x00000000f5580000)
  object space 175104K, 10% used [0x00000000e0000000,0x00000000e11208d8,0x00000000eab00000)
 Metaspace       used 42841K, capacity 44708K, committed 44928K, reserved 1087488K
  class space    used 5852K, capacity 6267K, committed 6272K, reserved 1048576K
}

