# JRE version: Java(TM) SE Runtime Environment (8.0_291-b10) (build 1.8.0_291-b10)
# Java VM: Java HotSpot(TM) 64-Bit Server VM (25.291-b10 mixed mode windows-amd64 compressed oops)
Heap:
 PSYoungGen      total 162304K, used 9810K [0x00000000f5580000, 0x0000000100000000, 0x0000000100000000)
  eden space 150016K, 0% used [0x00000000f5580000,0x00000000f5580000,0x00000000fe800000)
  from space 12288K, 79% used [0x00000000fe800000,0x00000000ff194908,0x00000000ff400000)
  to   space 12288K, 0% used [0x00000000ff400000,0x00000000ff400000,0x0000000100000000)
 ParOldGen       total 175104K, used 16000K [0x00000000e0000000, 0x00000000eab00000, 0x00000000f5580000)
  object space 175104K, 9% used [0x00000000e0000000,0x00000000e0fa0028,0x00000000eab00000)
 Metaspace       used 43988K, capacity 45868K, committed 45952K, reserved 1093632K
  class space    used 6081K, capacity 6517K, committed 6528K, reserved 1048576K
GC Heap History (10 events):
Event: 5.901 GC heap before
{Heap before GC invocations=6 (full 1):
 PSYoungGen      total 76288K, used 65536K [0x00000000f5580000, 0x00000000fea80000, 0x0000000100000000)
  eden space 65536K, 100% used [0x00000000f5580000,0x00000000f9580000,0x00000000f9580000)
  from space 10752K, 0% used [0x00000000fa000000,0x00000000fa000000,0x00000000faa80000)
  to   space 10752K, 0% used [0x00000000f9580000,0x00000000f9580000,0x00000000fa000000)
 ParOldGen       total 175104K, used 8551K [0x00000000e0000000, 0x00000000eab00000, 0x00000000f5580000)
  object space 175104K, 4% used [0x00000000e0000000,0x00000000e0859c58,0x00000000eab00000)
 Metaspace       used 28649K, capacity 29642K, committed 29824K, reserved 1075200K
  class space    used 4118K, capacity 4384K, committed 4480K, reserved 1048576K
Event: 5.910 GC heap after
Heap after GC invocations=6 (full 1):
 PSYoungGen      total 76288K, used 8530K [0x00000000f5580000, 0x00000000fd200000, 0x0000000100000000)
  eden space 65536K, 0% used [0x00000000f5580000,0x00000000f5580000,0x00000000f9580000)
  from space 10752K, 79% used [0x00000000f9580000,0x00000000f9dd4a58,0x00000000fa000000)
  to   space 12288K, 0% used [0x00000000fc600000,0x00000000fc600000,0x00000000fd200000)
 ParOldGen       total 175104K, used 8559K [0x00000000e0000000, 0x00000000eab00000, 0x00000000f5580000)
  object space 175104K, 4% used [0x00000000e0000000,0x00000000e085bc58,0x00000000eab00000)
 Metaspace       used 28649K, capacity 29642K, committed 29824K, reserved 1075200K
  class space    used 4118K, capacity 4384K, committed 4480K, reserved 1048576K
}
Event: 9.011 GC heap before
{Heap before GC invocations=7 (full 1):
 PSYoungGen      total 76288K, used 74066K [0x00000000f5580000, 0x00000000fd200000, 0x0000000100000000)
  eden space 65536K, 100% used [0x00000000f5580000,0x00000000f9580000,0x00000000f9580000)
  from space 10752K, 79% used [0x00000000f9580000,0x00000000f9dd4a58,0x00000000fa000000)
  to   space 12288K, 0% used [0x00000000fc600000,0x00000000fc600000,0x00000000fd200000)
 ParOldGen       total 175104K, used 8559K [0x00000000e0000000, 0x00000000eab00000, 0x00000000f5580000)
  object space 175104K, 4% used [0x00000000e0000000,0x00000000e085bc58,0x00000000eab00000)
 Metaspace       used 32826K, capacity 33888K, committed 34176K, reserved 1079296K
  class space    used 4642K, capacity 4885K, committed 4992K, reserved 1048576K
Event: 9.029 GC heap after
Heap after GC invocations=7 (full 1):
 PSYoungGen      total 110592K, used 9747K [0x00000000f5580000, 0x00000000fd000000, 0x0000000100000000)
  eden space 100352K, 0% used [0x00000000f5580000,0x00000000f5580000,0x00000000fb780000)
  from space 10240K, 95% used [0x00000000fc600000,0x00000000fcf84d38,0x00000000fd000000)
  to   space 12288K, 0% used [0x00000000fb800000,0x00000000fb800000,0x00000000fc400000)
 ParOldGen       total 175104K, used 8567K [0x00000000e0000000, 0x00000000eab00000, 0x00000000f5580000)
  object space 175104K, 4% used [0x00000000e0000000,0x00000000e085dc58,0x00000000eab00000)
 Metaspace       used 32826K, capacity 33888K, committed 34176K, reserved 1079296K
  class space    used 4642K, capacity 4885K, committed 4992K, reserved 1048576K
}
Event: 9.340 GC heap before
{Heap before GC invocations=8 (full 1):
 PSYoungGen      total 110592K, used 39516K [0x00000000f5580000, 0x00000000fd000000, 0x0000000100000000)
  eden space 100352K, 29% used [0x00000000f5580000,0x00000000f7292460,0x00000000fb780000)
  from space 10240K, 95% used [0x00000000fc600000,0x00000000fcf84d38,0x00000000fd000000)
  to   space 12288K, 0% used [0x00000000fb800000,0x00000000fb800000,0x00000000fc400000)
 ParOldGen       total 175104K, used 8567K [0x00000000e0000000, 0x00000000eab00000, 0x00000000f5580000)
  object space 175104K, 4% used [0x00000000e0000000,0x00000000e085dc58,0x00000000eab00000)
 Metaspace       used 34246K, capacity 35428K, committed 35496K, reserved 1079296K
  class space    used 4781K, capacity 5070K, committed 5120K, reserved 1048576K
Event: 9.351 GC heap after
Heap after GC invocations=8 (full 1):
 PSYoungGen      total 113152K, used 8974K [0x00000000f5580000, 0x0000000100000000, 0x0000000100000000)
  eden space 100864K, 0% used [0x00000000f5580000,0x00000000f5580000,0x00000000fb800000)
  from space 12288K, 73% used [0x00000000fb800000,0x00000000fc0c3878,0x00000000fc400000)
  to   space 11776K, 0% used [0x00000000ff480000,0x00000000ff480000,0x0000000100000000)
 ParOldGen       total 175104K, used 8575K [0x00000000e0000000, 0x00000000eab00000, 0x00000000f5580000)
  object space 175104K, 4% used [0x00000000e0000000,0x00000000e085fc58,0x00000000eab00000)
 Metaspace       used 34246K, capacity 35428K, committed 35496K, reserved 1079296K
  class space    used 4781K, capacity 5070K, committed 5120K, reserved 1048576K
}
Event: 9.351 GC heap before
{Heap before GC invocations=9 (full 2):
 PSYoungGen      total 113152K, used 8974K [0x00000000f5580000, 0x0000000100000000, 0x0000000100000000)
  eden space 100864K, 0% used [0x00000000f5580000,0x00000000f5580000,0x00000000fb800000)
  from space 12288K, 73% used [0x00000000fb800000,0x00000000fc0c3878,0x00000000fc400000)
  to   space 11776K, 0% used [0x00000000ff480000,0x00000000ff480000,0x0000000100000000)
 ParOldGen       total 175104K, used 8575K [0x00000000e0000000, 0x00000000eab00000, 0x00000000f5580000)
  object space 175104K, 4% used [0x00000000e0000000,0x00000000e085fc58,0x00000000eab00000)
 Metaspace       used 34246K, capacity 35428K, committed 35496K, reserved 1079296K
  class space    used 4781K, capacity 5070K, committed 5120K, reserved 1048576K
Event: 9.426 GC heap after
Heap after GC invocations=9 (full 2):
 PSYoungGen      total 113152K, used 0K [0x00000000f5580000, 0x0000000100000000, 0x0000000100000000)
  eden space 100864K, 0% used [0x00000000f5580000,0x00000000f5580000,0x00000000fb800000)
  from space 12288K, 0% used [0x00000000fb800000,0x00000000fb800000,0x00000000fc400000)
  to   space 11776K, 0% used [0x00000000ff480000,0x00000000ff480000,0x0000000100000000)
 ParOldGen       total 175104K, used 15984K [0x00000000e0000000, 0x00000000eab00000, 0x00000000f5580000)
  object space 175104K, 9% used [0x00000000e0000000,0x00000000e0f9c028,0x00000000eab00000)
 Metaspace       used 34246K, capacity 35428K, committed 35496K, reserved 1079296K
  class space    used 4781K, capacity 5070K, committed 5120K, reserved 1048576K
}
Event: 10.475 GC heap before
{Heap before GC invocations=10 (full 2):
 PSYoungGen      total 113152K, used 100864K [0x00000000f5580000, 0x0000000100000000, 0x0000000100000000)
  eden space 100864K, 100% used [0x00000000f5580000,0x00000000fb800000,0x00000000fb800000)
  from space 12288K, 0% used [0x00000000fb800000,0x00000000fb800000,0x00000000fc400000)
  to   space 11776K, 0% used [0x00000000ff480000,0x00000000ff480000,0x0000000100000000)
 ParOldGen       total 175104K, used 15984K [0x00000000e0000000, 0x00000000eab00000, 0x00000000f5580000)
  object space 175104K, 9% used [0x00000000e0000000,0x00000000e0f9c028,0x00000000eab00000)
 Metaspace       used 37627K, capacity 39330K, committed 39552K, reserved 1083392K
  class space    used 5274K, capacity 5653K, committed 5760K, reserved 1048576K
Event: 10.483 GC heap after
Heap after GC invocations=10 (full 2):
 PSYoungGen      total 161792K, used 5566K [0x00000000f5580000, 0x0000000100000000, 0x0000000100000000)
  eden space 150016K, 0% used [0x00000000f5580000,0x00000000f5580000,0x00000000fe800000)
  from space 11776K, 47% used [0x00000000ff480000,0x00000000ff9efac0,0x0000000100000000)
  to   space 12288K, 0% used [0x00000000fe800000,0x00000000fe800000,0x00000000ff400000)
 ParOldGen       total 175104K, used 15992K [0x00000000e0000000, 0x00000000eab00000, 0x00000000f5580000)
  object space 175104K, 9% used [0x00000000e0000000,0x00000000e0f9e028,0x00000000eab00000)
 Metaspace       used 37627K, capacity 39330K, committed 39552K, reserved 1083392K
  class space    used 5274K, capacity 5653K, committed 5760K, reserved 1048576K
}

